c:\other\selfeducation\.net interop\calculatorsvr\calculatorsvr\release\calculatorsvr.pch
c:\other\selfeducation\.net interop\calculatorsvr\calculatorsvr\release\vc143.pdb
c:\other\selfeducation\.net interop\calculatorsvr\calculatorsvr\release\stdafx.obj
c:\other\selfeducation\.net interop\calculatorsvr\calculatorsvr\release\calculatorsvr.obj
c:\other\selfeducation\.net interop\calculatorsvr\calculatorsvr\release\calculator.obj
c:\other\selfeducation\.net interop\calculatorsvr\calculatorsvr\release\calculatorsvr_i.obj
c:\other\selfeducation\.net interop\calculatorsvr\calculatorsvr\release\dllmain.obj
c:\other\selfeducation\.net interop\calculatorsvr\release\calculatorsvr.dll
c:\other\selfeducation\.net interop\calculatorsvr\release\calculatorsvr.pdb
c:\other\selfeducation\.net interop\calculatorsvr\release\calculatorsvr.lib
c:\other\selfeducation\.net interop\calculatorsvr\release\calculatorsvr.exp
c:\other\selfeducation\.net interop\calculatorsvr\calculatorsvr\release\calculatorsvr.tlb
c:\other\selfeducation\.net interop\calculatorsvr\calculatorsvr\calculatorsvr_p.c
c:\other\selfeducation\.net interop\calculatorsvr\calculatorsvr\calculatorsvr_i.c
c:\other\selfeducation\.net interop\calculatorsvr\calculatorsvr\calculatorsvr_i.h
c:\other\selfeducation\.net interop\calculatorsvr\calculatorsvr\release\calculatorsvr.res
c:\other\selfeducation\.net interop\calculatorsvr\calculatorsvr\release\calculatorsvr.tlog\cl.command.1.tlog
c:\other\selfeducation\.net interop\calculatorsvr\calculatorsvr\release\calculatorsvr.tlog\cl.items.tlog
c:\other\selfeducation\.net interop\calculatorsvr\calculatorsvr\release\calculatorsvr.tlog\cl.read.1.tlog
c:\other\selfeducation\.net interop\calculatorsvr\calculatorsvr\release\calculatorsvr.tlog\cl.write.1.tlog
c:\other\selfeducation\.net interop\calculatorsvr\calculatorsvr\release\calculatorsvr.tlog\link.command.1.tlog
c:\other\selfeducation\.net interop\calculatorsvr\calculatorsvr\release\calculatorsvr.tlog\link.read.1.tlog
c:\other\selfeducation\.net interop\calculatorsvr\calculatorsvr\release\calculatorsvr.tlog\link.write.1.tlog
c:\other\selfeducation\.net interop\calculatorsvr\calculatorsvr\release\calculatorsvr.tlog\link.write.2u.tlog
c:\other\selfeducation\.net interop\calculatorsvr\calculatorsvr\release\calculatorsvr.tlog\midl.command.1.tlog
c:\other\selfeducation\.net interop\calculatorsvr\calculatorsvr\release\calculatorsvr.tlog\midl.read.1.tlog
c:\other\selfeducation\.net interop\calculatorsvr\calculatorsvr\release\calculatorsvr.tlog\midl.write.1.tlog
c:\other\selfeducation\.net interop\calculatorsvr\calculatorsvr\release\calculatorsvr.tlog\rc.command.1.tlog
c:\other\selfeducation\.net interop\calculatorsvr\calculatorsvr\release\calculatorsvr.tlog\rc.read.1.tlog
c:\other\selfeducation\.net interop\calculatorsvr\calculatorsvr\release\calculatorsvr.tlog\rc.write.1.tlog
