e:\documents\pluralsight\net-interoperability-fundamentals\net-interoperability-fundamentals-m5\demos\after\calculatorsvr\debug\calculatorsvr.lib
e:\documents\pluralsight\net-interoperability-fundamentals\net-interoperability-fundamentals-m5\demos\after\calculatorsvr\debug\calculatorsvr.exp
e:\documents\pluralsight\net-interoperability-fundamentals\net-interoperability-fundamentals-m5\demos\after\calculatorsvr\calculatorsvr\debug\calculatorsvr.pch
e:\documents\pluralsight\net-interoperability-fundamentals\net-interoperability-fundamentals-m5\demos\after\calculatorsvr\calculatorsvr\debug\vc120.pdb
e:\documents\pluralsight\net-interoperability-fundamentals\net-interoperability-fundamentals-m5\demos\after\calculatorsvr\calculatorsvr\debug\vc120.idb
e:\documents\pluralsight\net-interoperability-fundamentals\net-interoperability-fundamentals-m5\demos\after\calculatorsvr\calculatorsvr\debug\stdafx.obj
e:\documents\pluralsight\net-interoperability-fundamentals\net-interoperability-fundamentals-m5\demos\after\calculatorsvr\calculatorsvr\debug\calculator.obj
e:\documents\pluralsight\net-interoperability-fundamentals\net-interoperability-fundamentals-m5\demos\after\calculatorsvr\calculatorsvr\debug\calculatorsvr.obj
e:\documents\pluralsight\net-interoperability-fundamentals\net-interoperability-fundamentals-m5\demos\after\calculatorsvr\calculatorsvr\debug\calculatorsvr_i.obj
e:\documents\pluralsight\net-interoperability-fundamentals\net-interoperability-fundamentals-m5\demos\after\calculatorsvr\calculatorsvr\debug\dllmain.obj
e:\documents\pluralsight\net-interoperability-fundamentals\net-interoperability-fundamentals-m5\demos\after\calculatorsvr\debug\calculatorsvr.ilk
e:\documents\pluralsight\net-interoperability-fundamentals\net-interoperability-fundamentals-m5\demos\after\calculatorsvr\debug\calculatorsvr.dll
e:\documents\pluralsight\net-interoperability-fundamentals\net-interoperability-fundamentals-m5\demos\after\calculatorsvr\debug\calculatorsvr.pdb
e:\documents\pluralsight\net-interoperability-fundamentals\net-interoperability-fundamentals-m5\demos\after\calculatorsvr\calculatorsvr\debug\calculatorsvr.tlb
e:\documents\pluralsight\net-interoperability-fundamentals\net-interoperability-fundamentals-m5\demos\after\calculatorsvr\calculatorsvr\calculatorsvr_p.c
e:\documents\pluralsight\net-interoperability-fundamentals\net-interoperability-fundamentals-m5\demos\after\calculatorsvr\calculatorsvr\calculatorsvr_i.c
e:\documents\pluralsight\net-interoperability-fundamentals\net-interoperability-fundamentals-m5\demos\after\calculatorsvr\calculatorsvr\calculatorsvr_i.h
e:\documents\pluralsight\net-interoperability-fundamentals\net-interoperability-fundamentals-m5\demos\after\calculatorsvr\calculatorsvr\debug\calculatorsvr.res
e:\documents\pluralsight\net-interoperability-fundamentals\net-interoperability-fundamentals-m5\demos\after\calculatorsvr\calculatorsvr\debug\calculatorsvr.tlog\calculatorsvr.write.1u.tlog
e:\documents\pluralsight\net-interoperability-fundamentals\net-interoperability-fundamentals-m5\demos\after\calculatorsvr\calculatorsvr\debug\calculatorsvr.tlog\cl.command.1.tlog
e:\documents\pluralsight\net-interoperability-fundamentals\net-interoperability-fundamentals-m5\demos\after\calculatorsvr\calculatorsvr\debug\calculatorsvr.tlog\cl.read.1.tlog
e:\documents\pluralsight\net-interoperability-fundamentals\net-interoperability-fundamentals-m5\demos\after\calculatorsvr\calculatorsvr\debug\calculatorsvr.tlog\cl.write.1.tlog
e:\documents\pluralsight\net-interoperability-fundamentals\net-interoperability-fundamentals-m5\demos\after\calculatorsvr\calculatorsvr\debug\calculatorsvr.tlog\link.command.1.tlog
e:\documents\pluralsight\net-interoperability-fundamentals\net-interoperability-fundamentals-m5\demos\after\calculatorsvr\calculatorsvr\debug\calculatorsvr.tlog\link.read.1.tlog
e:\documents\pluralsight\net-interoperability-fundamentals\net-interoperability-fundamentals-m5\demos\after\calculatorsvr\calculatorsvr\debug\calculatorsvr.tlog\link.write.1.tlog
e:\documents\pluralsight\net-interoperability-fundamentals\net-interoperability-fundamentals-m5\demos\after\calculatorsvr\calculatorsvr\debug\calculatorsvr.tlog\midl.command.1.tlog
e:\documents\pluralsight\net-interoperability-fundamentals\net-interoperability-fundamentals-m5\demos\after\calculatorsvr\calculatorsvr\debug\calculatorsvr.tlog\midl.read.1.tlog
e:\documents\pluralsight\net-interoperability-fundamentals\net-interoperability-fundamentals-m5\demos\after\calculatorsvr\calculatorsvr\debug\calculatorsvr.tlog\midl.write.1.tlog
e:\documents\pluralsight\net-interoperability-fundamentals\net-interoperability-fundamentals-m5\demos\after\calculatorsvr\calculatorsvr\debug\calculatorsvr.tlog\rc.command.1.tlog
e:\documents\pluralsight\net-interoperability-fundamentals\net-interoperability-fundamentals-m5\demos\after\calculatorsvr\calculatorsvr\debug\calculatorsvr.tlog\rc.read.1.tlog
e:\documents\pluralsight\net-interoperability-fundamentals\net-interoperability-fundamentals-m5\demos\after\calculatorsvr\calculatorsvr\debug\calculatorsvr.tlog\rc.write.1.tlog
